2024-12-18 16:39:22,387 - database.firebase_manager - INFO - Firebase connection initialized successfully
2024-12-18 16:39:22,387 - __main__ - INFO - Collecting data for region: {'south': -34.0, 'west': 115.0, 'north': -33.0, 'east': 116.0}
2024-12-18 16:39:23,987 - collectors.osm_collector - WARNING - Error processing beach 46738450: float() argument must be a string or a real number, not 'NoneType'
2024-12-18 16:39:23,987 - collectors.osm_collector - WARNING - Error processing beach 70388155: float() argument must be a string or a real number, not 'NoneType'
2024-12-18 16:39:23,987 - collectors.osm_collector - WARNING - Error processing beach 70946851: float() argument must be a string or a real number, not 'NoneType'
2024-12-18 16:39:23,987 - collectors.osm_collector - WARNING - Error processing beach 71185215: float() argument must be a string or a real number, not 'NoneType'
2024-12-18 16:39:23,987 - collectors.osm_collector - WARNING - Error processing beach 71185218: float() argument must be a string or a real number, not 'NoneType'
2024-12-18 16:39:23,987 - collectors.osm_collector - WARNING - Error processing beach 177052894: float() argument must be a string or a real number, not 'NoneType'
2024-12-18 16:39:23,987 - collectors.osm_collector - WARNING - Error processing beach 183140219: float() argument must be a string or a real number, not 'NoneType'
2024-12-18 16:39:23,987 - collectors.osm_collector - WARNING - Error processing beach 185578231: float() argument must be a string or a real number, not 'NoneType'
2024-12-18 16:39:23,987 - collectors.osm_collector - WARNING - Error processing beach 185578234: float() argument must be a string or a real number, not 'NoneType'
2024-12-18 16:39:23,987 - collectors.osm_collector - WARNING - Error processing beach 185622318: float() argument must be a string or a real number, not 'NoneType'
2024-12-18 16:39:23,987 - collectors.osm_collector - WARNING - Error processing beach 185622320: float() argument must be a string or a real number, not 'NoneType'
2024-12-18 16:39:23,987 - collectors.osm_collector - WARNING - Error processing beach 185622323: float() argument must be a string or a real number, not 'NoneType'
2024-12-18 16:39:23,987 - collectors.osm_collector - WARNING - Error processing beach 185622326: float() argument must be a string or a real number, not 'NoneType'
2024-12-18 16:39:23,987 - collectors.osm_collector - WARNING - Error processing beach 185622327: float() argument must be a string or a real number, not 'NoneType'
2024-12-18 16:39:23,987 - collectors.osm_collector - WARNING - Error processing beach 185622328: float() argument must be a string or a real number, not 'NoneType'
2024-12-18 16:39:23,987 - collectors.osm_collector - WARNING - Error processing beach 185623191: float() argument must be a string or a real number, not 'NoneType'
2024-12-18 16:39:23,987 - collectors.osm_collector - WARNING - Error processing beach 219406844: float() argument must be a string or a real number, not 'NoneType'
2024-12-18 16:39:23,987 - collectors.osm_collector - WARNING - Error processing beach 223487832: float() argument must be a string or a real number, not 'NoneType'
2024-12-18 16:39:23,987 - collectors.osm_collector - WARNING - Error processing beach 232883754: float() argument must be a string or a real number, not 'NoneType'
2024-12-18 16:39:23,987 - collectors.osm_collector - WARNING - Error processing beach 330160013: float() argument must be a string or a real number, not 'NoneType'
2024-12-18 16:39:23,987 - collectors.osm_collector - WARNING - Error processing beach 355301810: float() argument must be a string or a real number, not 'NoneType'
2024-12-18 16:39:23,987 - collectors.osm_collector - WARNING - Error processing beach 438201323: float() argument must be a string or a real number, not 'NoneType'
2024-12-18 16:39:23,987 - collectors.osm_collector - WARNING - Error processing beach 438201326: float() argument must be a string or a real number, not 'NoneType'
2024-12-18 16:39:23,987 - collectors.osm_collector - WARNING - Error processing beach 516561314: float() argument must be a string or a real number, not 'NoneType'
2024-12-18 16:39:23,988 - collectors.osm_collector - WARNING - Error processing beach 516561316: float() argument must be a string or a real number, not 'NoneType'
2024-12-18 16:39:23,988 - collectors.osm_collector - WARNING - Error processing beach 682233689: float() argument must be a string or a real number, not 'NoneType'
2024-12-18 16:39:23,988 - collectors.osm_collector - WARNING - Error processing beach 682233693: float() argument must be a string or a real number, not 'NoneType'
2024-12-18 16:39:23,988 - collectors.osm_collector - WARNING - Error processing beach 682233702: float() argument must be a string or a real number, not 'NoneType'
2024-12-18 16:39:23,988 - collectors.osm_collector - WARNING - Error processing beach 682233709: float() argument must be a string or a real number, not 'NoneType'
2024-12-18 16:39:23,988 - collectors.osm_collector - WARNING - Error processing beach 682233711: float() argument must be a string or a real number, not 'NoneType'
2024-12-18 16:39:23,988 - collectors.osm_collector - WARNING - Error processing beach 682233752: float() argument must be a string or a real number, not 'NoneType'
2024-12-18 16:39:23,988 - collectors.osm_collector - WARNING - Error processing beach 682233797: float() argument must be a string or a real number, not 'NoneType'
2024-12-18 16:39:23,988 - collectors.osm_collector - WARNING - Error processing beach 682404100: float() argument must be a string or a real number, not 'NoneType'
2024-12-18 16:39:23,988 - collectors.osm_collector - WARNING - Error processing beach 682404103: float() argument must be a string or a real number, not 'NoneType'
2024-12-18 16:39:23,988 - collectors.osm_collector - WARNING - Error processing beach 682419162: float() argument must be a string or a real number, not 'NoneType'
2024-12-18 16:39:23,988 - collectors.osm_collector - WARNING - Error processing beach 682419165: float() argument must be a string or a real number, not 'NoneType'
2024-12-18 16:39:23,988 - collectors.osm_collector - WARNING - Error processing beach 682419197: float() argument must be a string or a real number, not 'NoneType'
2024-12-18 16:39:23,988 - collectors.osm_collector - WARNING - Error processing beach 682419239: float() argument must be a string or a real number, not 'NoneType'
2024-12-18 16:39:23,988 - collectors.osm_collector - WARNING - Error processing beach 682419252: float() argument must be a string or a real number, not 'NoneType'
2024-12-18 16:39:23,988 - collectors.osm_collector - WARNING - Error processing beach 682441431: float() argument must be a string or a real number, not 'NoneType'
2024-12-18 16:39:23,988 - collectors.osm_collector - WARNING - Error processing beach 682441432: float() argument must be a string or a real number, not 'NoneType'
2024-12-18 16:39:23,988 - collectors.osm_collector - WARNING - Error processing beach 682441433: float() argument must be a string or a real number, not 'NoneType'
2024-12-18 16:39:23,988 - collectors.osm_collector - WARNING - Error processing beach 682696093: float() argument must be a string or a real number, not 'NoneType'
2024-12-18 16:39:23,988 - collectors.osm_collector - WARNING - Error processing beach 682696094: float() argument must be a string or a real number, not 'NoneType'
2024-12-18 16:39:23,988 - collectors.osm_collector - WARNING - Error processing beach 682696111: float() argument must be a string or a real number, not 'NoneType'
2024-12-18 16:39:23,988 - collectors.osm_collector - WARNING - Error processing beach 682696114: float() argument must be a string or a real number, not 'NoneType'
2024-12-18 16:39:23,988 - collectors.osm_collector - WARNING - Error processing beach 682696115: float() argument must be a string or a real number, not 'NoneType'
2024-12-18 16:39:23,988 - collectors.osm_collector - WARNING - Error processing beach 682696117: float() argument must be a string or a real number, not 'NoneType'
2024-12-18 16:39:23,988 - collectors.osm_collector - WARNING - Error processing beach 682765049: float() argument must be a string or a real number, not 'NoneType'
2024-12-18 16:39:23,988 - collectors.osm_collector - WARNING - Error processing beach 682765050: float() argument must be a string or a real number, not 'NoneType'
2024-12-18 16:39:23,988 - collectors.osm_collector - WARNING - Error processing beach 682765051: float() argument must be a string or a real number, not 'NoneType'
2024-12-18 16:39:23,988 - collectors.osm_collector - WARNING - Error processing beach 682765052: float() argument must be a string or a real number, not 'NoneType'
2024-12-18 16:39:23,988 - collectors.osm_collector - WARNING - Error processing beach 682765055: float() argument must be a string or a real number, not 'NoneType'
2024-12-18 16:39:23,988 - collectors.osm_collector - WARNING - Error processing beach 682765057: float() argument must be a string or a real number, not 'NoneType'
2024-12-18 16:39:23,988 - collectors.osm_collector - WARNING - Error processing beach 683112710: float() argument must be a string or a real number, not 'NoneType'
2024-12-18 16:39:23,988 - collectors.osm_collector - WARNING - Error processing beach 683112712: float() argument must be a string or a real number, not 'NoneType'
2024-12-18 16:39:23,988 - collectors.osm_collector - WARNING - Error processing beach 683112716: float() argument must be a string or a real number, not 'NoneType'
2024-12-18 16:39:23,988 - collectors.osm_collector - WARNING - Error processing beach 683112717: float() argument must be a string or a real number, not 'NoneType'
2024-12-18 16:39:23,988 - collectors.osm_collector - WARNING - Error processing beach 683112718: float() argument must be a string or a real number, not 'NoneType'
2024-12-18 16:39:23,988 - collectors.osm_collector - WARNING - Error processing beach 683112724: float() argument must be a string or a real number, not 'NoneType'
2024-12-18 16:39:23,988 - collectors.osm_collector - WARNING - Error processing beach 683112726: float() argument must be a string or a real number, not 'NoneType'
2024-12-18 16:39:23,988 - collectors.osm_collector - WARNING - Error processing beach 1021327780: float() argument must be a string or a real number, not 'NoneType'
2024-12-18 16:39:23,988 - collectors.osm_collector - WARNING - Error processing beach 1021327781: float() argument must be a string or a real number, not 'NoneType'
2024-12-18 16:39:23,988 - collectors.osm_collector - WARNING - Error processing beach 1021327782: float() argument must be a string or a real number, not 'NoneType'
2024-12-18 16:39:23,988 - collectors.osm_collector - WARNING - Error processing beach 1023805363: float() argument must be a string or a real number, not 'NoneType'
2024-12-18 16:39:23,988 - collectors.osm_collector - WARNING - Error processing beach 1162327620: float() argument must be a string or a real number, not 'NoneType'
2024-12-18 16:39:23,988 - collectors.osm_collector - WARNING - Error processing beach 1258473983: float() argument must be a string or a real number, not 'NoneType'
2024-12-18 16:39:23,988 - collectors.osm_collector - WARNING - Error processing beach 1292886504: float() argument must be a string or a real number, not 'NoneType'
2024-12-18 16:39:23,988 - collectors.osm_collector - WARNING - Error processing beach 1299928961: float() argument must be a string or a real number, not 'NoneType'
2024-12-18 16:39:23,988 - collectors.osm_collector - WARNING - Error processing beach 583823276: float() argument must be a string or a real number, not 'NoneType'
2024-12-18 16:39:23,988 - collectors.osm_collector - WARNING - Error processing beach 583823278: float() argument must be a string or a real number, not 'NoneType'
2024-12-18 16:39:23,988 - collectors.osm_collector - WARNING - Error processing beach 583823277: float() argument must be a string or a real number, not 'NoneType'
2024-12-18 16:39:26,888 - __main__ - INFO - Processed 0 beaches for region
2024-12-18 16:39:28,512 - collectors.osm_collector - WARNING - Error processing beach 46738450: float() argument must be a string or a real number, not 'NoneType'
2024-12-18 16:39:28,512 - collectors.osm_collector - WARNING - Error processing beach 70388155: float() argument must be a string or a real number, not 'NoneType'
2024-12-18 16:39:28,512 - collectors.osm_collector - WARNING - Error processing beach 70946851: float() argument must be a string or a real number, not 'NoneType'
2024-12-18 16:39:28,512 - collectors.osm_collector - WARNING - Error processing beach 71185215: float() argument must be a string or a real number, not 'NoneType'
2024-12-18 16:39:28,512 - collectors.osm_collector - WARNING - Error processing beach 71185218: float() argument must be a string or a real number, not 'NoneType'
2024-12-18 16:39:28,512 - collectors.osm_collector - WARNING - Error processing beach 177052894: float() argument must be a string or a real number, not 'NoneType'
2024-12-18 16:39:28,512 - collectors.osm_collector - WARNING - Error processing beach 183140219: float() argument must be a string or a real number, not 'NoneType'
2024-12-18 16:39:28,512 - collectors.osm_collector - WARNING - Error processing beach 185578231: float() argument must be a string or a real number, not 'NoneType'
2024-12-18 16:39:28,512 - collectors.osm_collector - WARNING - Error processing beach 185578234: float() argument must be a string or a real number, not 'NoneType'
2024-12-18 16:39:28,512 - collectors.osm_collector - WARNING - Error processing beach 185622318: float() argument must be a string or a real number, not 'NoneType'
2024-12-18 16:39:28,512 - collectors.osm_collector - WARNING - Error processing beach 185622320: float() argument must be a string or a real number, not 'NoneType'
2024-12-18 16:39:28,513 - collectors.osm_collector - WARNING - Error processing beach 185622323: float() argument must be a string or a real number, not 'NoneType'
2024-12-18 16:39:28,513 - collectors.osm_collector - WARNING - Error processing beach 185622326: float() argument must be a string or a real number, not 'NoneType'
2024-12-18 16:39:28,513 - collectors.osm_collector - WARNING - Error processing beach 185622327: float() argument must be a string or a real number, not 'NoneType'
2024-12-18 16:39:28,513 - collectors.osm_collector - WARNING - Error processing beach 185622328: float() argument must be a string or a real number, not 'NoneType'
2024-12-18 16:39:28,513 - collectors.osm_collector - WARNING - Error processing beach 185623191: float() argument must be a string or a real number, not 'NoneType'
2024-12-18 16:39:28,513 - collectors.osm_collector - WARNING - Error processing beach 219406844: float() argument must be a string or a real number, not 'NoneType'
2024-12-18 16:39:28,513 - collectors.osm_collector - WARNING - Error processing beach 223487832: float() argument must be a string or a real number, not 'NoneType'
2024-12-18 16:39:28,513 - collectors.osm_collector - WARNING - Error processing beach 232883754: float() argument must be a string or a real number, not 'NoneType'
2024-12-18 16:39:28,513 - collectors.osm_collector - WARNING - Error processing beach 330160013: float() argument must be a string or a real number, not 'NoneType'
2024-12-18 16:39:28,513 - collectors.osm_collector - WARNING - Error processing beach 355301810: float() argument must be a string or a real number, not 'NoneType'
2024-12-18 16:39:28,513 - collectors.osm_collector - WARNING - Error processing beach 438201323: float() argument must be a string or a real number, not 'NoneType'
2024-12-18 16:39:28,513 - collectors.osm_collector - WARNING - Error processing beach 438201326: float() argument must be a string or a real number, not 'NoneType'
2024-12-18 16:39:28,513 - collectors.osm_collector - WARNING - Error processing beach 516561314: float() argument must be a string or a real number, not 'NoneType'
2024-12-18 16:39:28,513 - collectors.osm_collector - WARNING - Error processing beach 516561316: float() argument must be a string or a real number, not 'NoneType'
2024-12-18 16:39:28,513 - collectors.osm_collector - WARNING - Error processing beach 682233689: float() argument must be a string or a real number, not 'NoneType'
2024-12-18 16:39:28,513 - collectors.osm_collector - WARNING - Error processing beach 682233693: float() argument must be a string or a real number, not 'NoneType'
2024-12-18 16:39:28,513 - collectors.osm_collector - WARNING - Error processing beach 682233702: float() argument must be a string or a real number, not 'NoneType'
2024-12-18 16:39:28,513 - collectors.osm_collector - WARNING - Error processing beach 682233709: float() argument must be a string or a real number, not 'NoneType'
2024-12-18 16:39:28,513 - collectors.osm_collector - WARNING - Error processing beach 682233711: float() argument must be a string or a real number, not 'NoneType'
2024-12-18 16:39:28,513 - collectors.osm_collector - WARNING - Error processing beach 682233752: float() argument must be a string or a real number, not 'NoneType'
2024-12-18 16:39:28,513 - collectors.osm_collector - WARNING - Error processing beach 682233797: float() argument must be a string or a real number, not 'NoneType'
2024-12-18 16:39:28,513 - collectors.osm_collector - WARNING - Error processing beach 682404100: float() argument must be a string or a real number, not 'NoneType'
2024-12-18 16:39:28,513 - collectors.osm_collector - WARNING - Error processing beach 682404103: float() argument must be a string or a real number, not 'NoneType'
2024-12-18 16:39:28,513 - collectors.osm_collector - WARNING - Error processing beach 682419162: float() argument must be a string or a real number, not 'NoneType'
2024-12-18 16:39:28,513 - collectors.osm_collector - WARNING - Error processing beach 682419165: float() argument must be a string or a real number, not 'NoneType'
2024-12-18 16:39:28,513 - collectors.osm_collector - WARNING - Error processing beach 682419197: float() argument must be a string or a real number, not 'NoneType'
2024-12-18 16:39:28,513 - collectors.osm_collector - WARNING - Error processing beach 682419239: float() argument must be a string or a real number, not 'NoneType'
2024-12-18 16:39:28,513 - collectors.osm_collector - WARNING - Error processing beach 682419252: float() argument must be a string or a real number, not 'NoneType'
2024-12-18 16:39:28,513 - collectors.osm_collector - WARNING - Error processing beach 682441431: float() argument must be a string or a real number, not 'NoneType'
2024-12-18 16:39:28,513 - collectors.osm_collector - WARNING - Error processing beach 682441432: float() argument must be a string or a real number, not 'NoneType'
2024-12-18 16:39:28,513 - collectors.osm_collector - WARNING - Error processing beach 682441433: float() argument must be a string or a real number, not 'NoneType'
2024-12-18 16:39:28,513 - collectors.osm_collector - WARNING - Error processing beach 682696093: float() argument must be a string or a real number, not 'NoneType'
2024-12-18 16:39:28,513 - collectors.osm_collector - WARNING - Error processing beach 682696094: float() argument must be a string or a real number, not 'NoneType'
2024-12-18 16:39:28,513 - collectors.osm_collector - WARNING - Error processing beach 682696111: float() argument must be a string or a real number, not 'NoneType'
2024-12-18 16:39:28,513 - collectors.osm_collector - WARNING - Error processing beach 682696114: float() argument must be a string or a real number, not 'NoneType'
2024-12-18 16:39:28,513 - collectors.osm_collector - WARNING - Error processing beach 682696115: float() argument must be a string or a real number, not 'NoneType'
2024-12-18 16:39:28,513 - collectors.osm_collector - WARNING - Error processing beach 682696117: float() argument must be a string or a real number, not 'NoneType'
2024-12-18 16:39:28,513 - collectors.osm_collector - WARNING - Error processing beach 682765049: float() argument must be a string or a real number, not 'NoneType'
2024-12-18 16:39:28,514 - collectors.osm_collector - WARNING - Error processing beach 682765050: float() argument must be a string or a real number, not 'NoneType'
2024-12-18 16:39:28,514 - collectors.osm_collector - WARNING - Error processing beach 682765051: float() argument must be a string or a real number, not 'NoneType'
2024-12-18 16:39:28,514 - collectors.osm_collector - WARNING - Error processing beach 682765052: float() argument must be a string or a real number, not 'NoneType'
2024-12-18 16:39:28,514 - collectors.osm_collector - WARNING - Error processing beach 682765055: float() argument must be a string or a real number, not 'NoneType'
2024-12-18 16:39:28,514 - collectors.osm_collector - WARNING - Error processing beach 682765057: float() argument must be a string or a real number, not 'NoneType'
2024-12-18 16:39:28,514 - collectors.osm_collector - WARNING - Error processing beach 683112710: float() argument must be a string or a real number, not 'NoneType'
2024-12-18 16:39:28,514 - collectors.osm_collector - WARNING - Error processing beach 683112712: float() argument must be a string or a real number, not 'NoneType'
2024-12-18 16:39:28,514 - collectors.osm_collector - WARNING - Error processing beach 683112716: float() argument must be a string or a real number, not 'NoneType'
2024-12-18 16:39:28,514 - collectors.osm_collector - WARNING - Error processing beach 683112717: float() argument must be a string or a real number, not 'NoneType'
2024-12-18 16:39:28,514 - collectors.osm_collector - WARNING - Error processing beach 683112718: float() argument must be a string or a real number, not 'NoneType'
2024-12-18 16:39:28,514 - collectors.osm_collector - WARNING - Error processing beach 683112724: float() argument must be a string or a real number, not 'NoneType'
2024-12-18 16:39:28,514 - collectors.osm_collector - WARNING - Error processing beach 683112726: float() argument must be a string or a real number, not 'NoneType'
2024-12-18 16:39:28,514 - collectors.osm_collector - WARNING - Error processing beach 1021327780: float() argument must be a string or a real number, not 'NoneType'
2024-12-18 16:39:28,514 - collectors.osm_collector - WARNING - Error processing beach 1021327781: float() argument must be a string or a real number, not 'NoneType'
2024-12-18 16:39:28,514 - collectors.osm_collector - WARNING - Error processing beach 1021327782: float() argument must be a string or a real number, not 'NoneType'
2024-12-18 16:39:28,514 - collectors.osm_collector - WARNING - Error processing beach 1023805363: float() argument must be a string or a real number, not 'NoneType'
2024-12-18 16:39:28,514 - collectors.osm_collector - WARNING - Error processing beach 1162327620: float() argument must be a string or a real number, not 'NoneType'
2024-12-18 16:39:28,514 - collectors.osm_collector - WARNING - Error processing beach 1258473983: float() argument must be a string or a real number, not 'NoneType'
2024-12-18 16:39:28,514 - collectors.osm_collector - WARNING - Error processing beach 1292886504: float() argument must be a string or a real number, not 'NoneType'
2024-12-18 16:39:28,514 - collectors.osm_collector - WARNING - Error processing beach 1299928961: float() argument must be a string or a real number, not 'NoneType'
2024-12-18 16:39:28,514 - collectors.osm_collector - WARNING - Error processing beach 583823276: float() argument must be a string or a real number, not 'NoneType'
2024-12-18 16:39:28,514 - collectors.osm_collector - WARNING - Error processing beach 583823278: float() argument must be a string or a real number, not 'NoneType'
2024-12-18 16:39:28,514 - collectors.osm_collector - WARNING - Error processing beach 583823277: float() argument must be a string or a real number, not 'NoneType'
2024-12-18 16:39:28,514 - __main__ - INFO - Full update completed in 6.13 seconds
2024-12-18 16:39:28,514 - __main__ - INFO - Total beaches processed: 0
