2024-12-18 19:35:28,725 - database.firebase_manager - INFO - Firestore connection initialized successfully
2024-12-18 19:35:28,726 - __main__ - INFO - Starting full update for 3 regions
2024-12-18 19:35:28,726 - __main__ - INFO - Processing region 1/3
2024-12-18 19:35:28,726 - __main__ - INFO - Starting processing for region: Western Australia
2024-12-18 19:35:28,726 - collectors.osm_collector - INFO - Starting collection for region: Western Australia
2024-12-18 19:36:48,348 - database.firebase_manager - INFO - Firestore connection initialized successfully
2024-12-18 19:36:48,348 - __main__ - INFO - Starting full update for 3 regions
2024-12-18 19:36:48,348 - __main__ - INFO - Processing region 1/3
2024-12-18 19:36:48,348 - __main__ - INFO - Starting processing for region: Western Australia
2024-12-18 19:36:48,348 - collectors.osm_collector - INFO - Starting collection for region: Western Australia
2024-12-18 19:38:09,510 - urllib3.connectionpool - WARNING - Retrying (Retry(total=1, connect=None, read=None, redirect=None, status=None)) after connection broken by 'ReadTimeoutError("HTTPSConnectionPool(host='nominatim.openstreetmap.org', port=443): Read timed out. (read timeout=1)")': /reverse?lat=-33.8631796&lon=121.8946866&format=json&addressdetails=1
2024-12-18 19:48:51,948 - database.firebase_manager - INFO - Firestore connection initialized successfully
2024-12-18 19:48:51,948 - __main__ - INFO - Starting full update for 3 regions
2024-12-18 19:48:51,948 - __main__ - INFO - Processing region 1/3
2024-12-18 19:48:51,948 - __main__ - INFO - Starting processing for region: Western Australia
2024-12-18 19:48:51,948 - collectors.osm_collector - INFO - Starting collection for region: Western Australia
2024-12-18 19:51:56,818 - urllib3.connectionpool - WARNING - Retrying (Retry(total=1, connect=None, read=None, redirect=None, status=None)) after connection broken by 'ReadTimeoutError("HTTPSConnectionPool(host='nominatim.openstreetmap.org', port=443): Read timed out. (read timeout=1)")': /reverse?lat=-33.8953429&lon=122.888571&format=json&addressdetails=1
2024-12-18 23:23:29,336 - database.firebase_manager - INFO - Firestore connection initialized successfully
2024-12-18 23:23:29,336 - __main__ - INFO - Starting full update for 3 regions
2024-12-18 23:23:29,336 - __main__ - INFO - Processing region 1/3
2024-12-18 23:23:29,336 - __main__ - INFO - Starting processing for region: Western Australia
2024-12-18 23:23:29,337 - collectors.osm_collector - INFO - Starting collection for region: Western Australia
2024-12-18 23:34:55,573 - collectors.osm_collector - INFO - Region Western Australia: Collected 479 valid beaches, Skipped 1827 invalid entries
2024-12-18 23:34:55,577 - __main__ - INFO - Collected 479 beaches in 686.24 seconds
2024-12-18 23:35:01,430 - database.firebase_manager - INFO - Uploaded final batch of 479 beaches to beachesdata
2024-12-18 23:35:03,283 - __main__ - INFO - Uploaded final batch of 479 beaches
2024-12-18 23:35:03,284 - __main__ - INFO - Region Western Australia complete: Processed 479 beaches in 693.95 seconds
2024-12-18 23:35:05,286 - __main__ - INFO - Processing region 2/3
2024-12-18 23:35:05,286 - __main__ - INFO - Starting processing for region: Eastern Australia
2024-12-18 23:35:05,286 - collectors.osm_collector - INFO - Starting collection for region: Eastern Australia
2024-12-19 00:03:28,982 - urllib3.connectionpool - WARNING - Retrying (Retry(total=1, connect=None, read=None, redirect=None, status=None)) after connection broken by 'ReadTimeoutError("HTTPSConnectionPool(host='nominatim.openstreetmap.org', port=443): Read timed out. (read timeout=1)")': /reverse?lat=-34.5922717&lon=150.8801482&format=json&addressdetails=1
2024-12-19 00:11:15,714 - collectors.osm_collector - INFO - Region Eastern Australia: Collected 1047 valid beaches, Skipped 2677 invalid entries
2024-12-19 00:11:15,716 - __main__ - INFO - Collected 1047 beaches in 2170.43 seconds
2024-12-19 00:11:21,160 - database.firebase_manager - INFO - Uploaded batch of 500 beaches to beachesdata
2024-12-19 00:11:21,620 - __main__ - INFO - Uploaded batch of 500 beaches
2024-12-19 00:11:26,329 - database.firebase_manager - INFO - Uploaded batch of 500 beaches to beachesdata
2024-12-19 00:11:28,293 - __main__ - INFO - Uploaded batch of 500 beaches
2024-12-19 00:11:29,364 - database.firebase_manager - INFO - Uploaded final batch of 47 beaches to beachesdata
2024-12-19 00:11:30,238 - __main__ - INFO - Uploaded final batch of 47 beaches
2024-12-19 00:11:30,239 - __main__ - INFO - Region Eastern Australia complete: Processed 1047 beaches in 2184.95 seconds
2024-12-19 00:11:32,246 - __main__ - INFO - Processing region 3/3
2024-12-19 00:11:32,246 - __main__ - INFO - Starting processing for region: Mediterranean Coast
2024-12-19 00:11:32,248 - collectors.osm_collector - INFO - Starting collection for region: Mediterranean Coast
2024-12-19 00:14:43,837 - collectors.osm_collector - ERROR - Error collecting data: runtime error: Query timed out in "print" at line 13 after 184 seconds.
2024-12-19 00:14:43,839 - __main__ - ERROR - Error processing region Mediterranean Coast: runtime error: Query timed out in "print" at line 13 after 184 seconds.
2024-12-19 00:14:43,839 - __main__ - ERROR - Failed to process region Mediterranean Coast: runtime error: Query timed out in "print" at line 13 after 184 seconds.
2024-12-19 00:14:43,917 - __main__ - INFO - === Update Summary ===
2024-12-19 00:14:43,918 - __main__ - INFO - Total time: 3074.58 seconds
2024-12-19 00:14:43,918 - __main__ - INFO - Total beaches processed: 1526
2024-12-19 00:14:43,918 - __main__ - INFO - Regions processed: 2/3
2024-12-19 00:14:43,918 - __main__ - WARNING - Failed regions:
2024-12-19 00:14:43,918 - __main__ - WARNING - - Mediterranean Coast
2024-12-19 16:02:09,845 - database.firebase_manager - INFO - Firestore connection initialized successfully
2024-12-19 16:02:09,846 - __main__ - INFO - Starting full update for 3 regions
2024-12-19 16:02:09,846 - __main__ - INFO - Processing region 1/3
2024-12-19 16:02:09,846 - __main__ - INFO - Starting processing for region: Western Australia
2024-12-19 16:02:09,846 - collectors.osm_collector - INFO - Starting collection for region: Western Australia
2024-12-19 16:07:10,965 - urllib3.connectionpool - WARNING - Retrying (Retry(total=1, connect=None, read=None, redirect=None, status=None)) after connection broken by 'ReadTimeoutError("HTTPSConnectionPool(host='nominatim.openstreetmap.org', port=443): Read timed out. (read timeout=1)")': /reverse?lat=-33.9159953&lon=120.5565391&format=json&addressdetails=1
2024-12-19 16:13:08,018 - collectors.osm_collector - INFO - Region Western Australia: Collected 479 valid beaches, Skipped 1827 invalid entries
2024-12-19 16:13:08,019 - __main__ - INFO - Collected 479 beaches in 658.17 seconds
2024-12-19 16:13:13,614 - database.firebase_manager - INFO - Uploaded final batch of 479 beaches to beachesdata
2024-12-19 16:13:14,224 - __main__ - INFO - Uploaded final batch of 479 beaches
2024-12-19 16:13:14,224 - __main__ - INFO - Region Western Australia complete: Processed 479 beaches in 664.38 seconds
2024-12-19 16:13:16,230 - __main__ - INFO - Processing region 2/3
2024-12-19 16:13:16,230 - __main__ - INFO - Starting processing for region: Eastern Australia
2024-12-19 16:13:16,230 - collectors.osm_collector - INFO - Starting collection for region: Eastern Australia
2024-12-19 16:15:47,027 - urllib3.connectionpool - WARNING - Retrying (Retry(total=1, connect=None, read=None, redirect=None, status=None)) after connection broken by 'ReadTimeoutError("HTTPSConnectionPool(host='nominatim.openstreetmap.org', port=443): Read timed out. (read timeout=1)")': /reverse?lat=-37.8040939&lon=145.0066753&format=json&addressdetails=1
2024-12-19 16:31:54,189 - processors.data_enrichment - WARNING - Error getting wiki info: ('Connection aborted.', RemoteDisconnected('Remote end closed connection without response'))
2024-12-19 16:31:54,918 - urllib3.connectionpool - WARNING - Retrying (Retry(total=1, connect=None, read=None, redirect=None, status=None)) after connection broken by 'RemoteDisconnected('Remote end closed connection without response')': /reverse?lat=-36.9527827&lon=149.9051777&format=json&addressdetails=1
2024-12-19 19:37:16,774 - database.firebase_manager - INFO - Firestore connection initialized successfully
2024-12-19 19:37:16,774 - __main__ - INFO - Starting full update for 3 regions
2024-12-19 19:37:16,774 - __main__ - INFO - Processing region 1/3
2024-12-19 19:37:16,774 - __main__ - INFO - Starting processing for region: Western Australia
2024-12-19 19:37:16,774 - collectors.osm_collector - INFO - Starting collection for region: Western Australia
2024-12-19 19:37:16,774 - collectors.osm_collector - INFO - Region Western Australia too large (374.00 sq deg), splitting...
2024-12-19 19:37:19,239 - collectors.osm_collector - INFO - Region Western Australia-0-0: Collected 0 valid beaches, Skipped 0 invalid entries
2024-12-19 19:38:18,754 - collectors.osm_collector - INFO - Region Western Australia-0-1: Collected 31 valid beaches, Skipped 154 invalid entries
2024-12-19 19:38:49,944 - collectors.osm_collector - INFO - Region Western Australia-0-2: Collected 15 valid beaches, Skipped 50 invalid entries
2024-12-19 19:39:25,886 - collectors.osm_collector - INFO - Region Western Australia-0-3: Collected 16 valid beaches, Skipped 32 invalid entries
2024-12-19 19:40:17,063 - collectors.osm_collector - INFO - Region Western Australia-0-4: Collected 28 valid beaches, Skipped 64 invalid entries
2024-12-19 19:41:49,393 - collectors.osm_collector - INFO - Region Western Australia-0-5: Collected 56 valid beaches, Skipped 64 invalid entries
2024-12-19 19:42:39,086 - collectors.osm_collector - INFO - Region Western Australia-0-6: Collected 24 valid beaches, Skipped 176 invalid entries
2024-12-19 19:42:48,506 - collectors.osm_collector - INFO - Region Western Australia-0-7: Collected 1 valid beaches, Skipped 4 invalid entries
2024-12-19 19:42:55,971 - collectors.osm_collector - INFO - Region Western Australia-0-8: Collected 0 valid beaches, Skipped 0 invalid entries
2024-12-19 19:43:03,388 - collectors.osm_collector - INFO - Region Western Australia-0-9: Collected 0 valid beaches, Skipped 0 invalid entries
2024-12-19 19:43:10,807 - collectors.osm_collector - INFO - Region Western Australia-1-0: Collected 0 valid beaches, Skipped 0 invalid entries
2024-12-19 19:43:18,424 - collectors.osm_collector - INFO - Region Western Australia-1-1: Collected 0 valid beaches, Skipped 8 invalid entries
2024-12-19 19:45:11,099 - collectors.osm_collector - INFO - Region Western Australia-1-2: Collected 50 valid beaches, Skipped 181 invalid entries
2024-12-19 19:45:18,563 - collectors.osm_collector - INFO - Region Western Australia-1-3: Collected 0 valid beaches, Skipped 0 invalid entries
2024-12-19 19:45:26,018 - collectors.osm_collector - INFO - Region Western Australia-1-4: Collected 0 valid beaches, Skipped 0 invalid entries
2024-12-19 19:45:33,521 - collectors.osm_collector - INFO - Region Western Australia-1-5: Collected 0 valid beaches, Skipped 0 invalid entries
2024-12-19 19:45:40,937 - collectors.osm_collector - INFO - Region Western Australia-1-6: Collected 0 valid beaches, Skipped 0 invalid entries
2024-12-19 19:45:48,473 - collectors.osm_collector - INFO - Region Western Australia-1-7: Collected 0 valid beaches, Skipped 0 invalid entries
2024-12-19 19:45:56,034 - collectors.osm_collector - INFO - Region Western Australia-1-8: Collected 0 valid beaches, Skipped 2 invalid entries
2024-12-19 19:46:06,042 - collectors.osm_collector - INFO - Region Western Australia-1-9: Collected 0 valid beaches, Skipped 2 invalid entries
2024-12-19 19:46:13,464 - collectors.osm_collector - INFO - Region Western Australia-2-0: Collected 0 valid beaches, Skipped 0 invalid entries
2024-12-19 19:46:30,173 - collectors.osm_collector - INFO - Region Western Australia-2-1: Collected 4 valid beaches, Skipped 36 invalid entries
2024-12-19 19:46:37,598 - collectors.osm_collector - INFO - Region Western Australia-2-2: Collected 0 valid beaches, Skipped 0 invalid entries
2024-12-19 19:46:45,003 - collectors.osm_collector - INFO - Region Western Australia-2-3: Collected 0 valid beaches, Skipped 0 invalid entries
2024-12-19 19:46:52,426 - collectors.osm_collector - INFO - Region Western Australia-2-4: Collected 0 valid beaches, Skipped 0 invalid entries
2024-12-19 19:46:59,842 - collectors.osm_collector - INFO - Region Western Australia-2-5: Collected 0 valid beaches, Skipped 0 invalid entries
2024-12-19 19:47:07,339 - collectors.osm_collector - INFO - Region Western Australia-2-6: Collected 0 valid beaches, Skipped 0 invalid entries
2024-12-19 19:47:14,784 - collectors.osm_collector - INFO - Region Western Australia-2-7: Collected 0 valid beaches, Skipped 0 invalid entries
2024-12-19 19:47:22,205 - collectors.osm_collector - INFO - Region Western Australia-2-8: Collected 0 valid beaches, Skipped 0 invalid entries
2024-12-19 19:47:29,604 - collectors.osm_collector - INFO - Region Western Australia-2-9: Collected 0 valid beaches, Skipped 0 invalid entries
2024-12-19 19:47:38,470 - collectors.osm_collector - INFO - Region Western Australia-3-0: Collected 1 valid beaches, Skipped 0 invalid entries
2024-12-19 19:47:50,070 - collectors.osm_collector - INFO - Region Western Australia-3-1: Collected 3 valid beaches, Skipped 20 invalid entries
2024-12-19 19:47:57,476 - collectors.osm_collector - INFO - Region Western Australia-3-2: Collected 0 valid beaches, Skipped 0 invalid entries
2024-12-19 19:48:04,977 - collectors.osm_collector - INFO - Region Western Australia-3-3: Collected 0 valid beaches, Skipped 0 invalid entries
2024-12-19 19:48:14,453 - collectors.osm_collector - INFO - Region Western Australia-3-4: Collected 0 valid beaches, Skipped 0 invalid entries
2024-12-19 19:48:21,861 - collectors.osm_collector - INFO - Region Western Australia-3-5: Collected 0 valid beaches, Skipped 0 invalid entries
2024-12-19 19:48:29,669 - collectors.osm_collector - INFO - Region Western Australia-3-6: Collected 0 valid beaches, Skipped 0 invalid entries
2024-12-19 19:48:37,080 - collectors.osm_collector - INFO - Region Western Australia-3-7: Collected 0 valid beaches, Skipped 0 invalid entries
2024-12-19 19:48:44,556 - collectors.osm_collector - INFO - Region Western Australia-3-8: Collected 0 valid beaches, Skipped 0 invalid entries
2024-12-19 19:48:52,755 - collectors.osm_collector - INFO - Region Western Australia-3-9: Collected 0 valid beaches, Skipped 0 invalid entries
2024-12-19 19:49:02,375 - collectors.osm_collector - INFO - Region Western Australia-4-0: Collected 1 valid beaches, Skipped 4 invalid entries
2024-12-19 19:49:10,053 - collectors.osm_collector - INFO - Region Western Australia-4-1: Collected 0 valid beaches, Skipped 6 invalid entries
2024-12-19 19:49:17,507 - collectors.osm_collector - INFO - Region Western Australia-4-2: Collected 0 valid beaches, Skipped 0 invalid entries
2024-12-19 19:49:24,888 - collectors.osm_collector - INFO - Region Western Australia-4-3: Collected 0 valid beaches, Skipped 0 invalid entries
2024-12-19 19:49:32,419 - collectors.osm_collector - INFO - Region Western Australia-4-4: Collected 0 valid beaches, Skipped 0 invalid entries
2024-12-19 19:49:39,834 - collectors.osm_collector - INFO - Region Western Australia-4-5: Collected 0 valid beaches, Skipped 0 invalid entries
2024-12-19 19:49:47,235 - collectors.osm_collector - INFO - Region Western Australia-4-6: Collected 0 valid beaches, Skipped 0 invalid entries
2024-12-19 19:49:54,656 - collectors.osm_collector - INFO - Region Western Australia-4-7: Collected 0 valid beaches, Skipped 0 invalid entries
2024-12-19 19:50:02,065 - collectors.osm_collector - INFO - Region Western Australia-4-8: Collected 0 valid beaches, Skipped 0 invalid entries
2024-12-19 19:50:13,342 - collectors.osm_collector - INFO - Region Western Australia-4-9: Collected 0 valid beaches, Skipped 0 invalid entries
2024-12-19 19:50:22,671 - collectors.osm_collector - INFO - Region Western Australia-5-0: Collected 0 valid beaches, Skipped 4 invalid entries
2024-12-19 19:50:38,211 - collectors.osm_collector - INFO - Region Western Australia-5-1: Collected 5 valid beaches, Skipped 63 invalid entries
2024-12-19 19:50:45,761 - collectors.osm_collector - INFO - Region Western Australia-5-2: Collected 0 valid beaches, Skipped 0 invalid entries
2024-12-19 19:50:53,482 - collectors.osm_collector - INFO - Region Western Australia-5-3: Collected 0 valid beaches, Skipped 0 invalid entries
2024-12-19 19:51:01,024 - collectors.osm_collector - INFO - Region Western Australia-5-4: Collected 0 valid beaches, Skipped 0 invalid entries
2024-12-19 19:51:08,590 - collectors.osm_collector - INFO - Region Western Australia-5-5: Collected 0 valid beaches, Skipped 0 invalid entries
2024-12-19 19:51:16,091 - collectors.osm_collector - INFO - Region Western Australia-5-6: Collected 0 valid beaches, Skipped 0 invalid entries
2024-12-19 19:51:29,937 - collectors.osm_collector - INFO - Region Western Australia-5-7: Collected 0 valid beaches, Skipped 0 invalid entries
2024-12-19 19:51:37,414 - collectors.osm_collector - INFO - Region Western Australia-5-8: Collected 0 valid beaches, Skipped 0 invalid entries
2024-12-19 19:51:44,807 - collectors.osm_collector - INFO - Region Western Australia-5-9: Collected 0 valid beaches, Skipped 0 invalid entries
2024-12-19 19:51:52,584 - collectors.osm_collector - INFO - Region Western Australia-6-0: Collected 0 valid beaches, Skipped 0 invalid entries
2024-12-19 19:52:03,930 - collectors.osm_collector - INFO - Region Western Australia-6-1: Collected 2 valid beaches, Skipped 78 invalid entries
2024-12-19 19:52:25,966 - collectors.osm_collector - INFO - Region Western Australia-6-2: Collected 5 valid beaches, Skipped 372 invalid entries
2024-12-19 19:52:43,108 - collectors.osm_collector - INFO - Region Western Australia-6-3: Collected 5 valid beaches, Skipped 235 invalid entries
2024-12-19 19:52:51,028 - collectors.osm_collector - INFO - Region Western Australia-6-4: Collected 0 valid beaches, Skipped 16 invalid entries
2024-12-19 19:52:58,821 - collectors.osm_collector - INFO - Region Western Australia-6-5: Collected 0 valid beaches, Skipped 3 invalid entries
2024-12-19 19:53:06,863 - collectors.osm_collector - INFO - Region Western Australia-6-6: Collected 0 valid beaches, Skipped 0 invalid entries
2024-12-19 19:53:14,344 - collectors.osm_collector - INFO - Region Western Australia-6-7: Collected 0 valid beaches, Skipped 0 invalid entries
2024-12-19 19:53:21,800 - collectors.osm_collector - INFO - Region Western Australia-6-8: Collected 0 valid beaches, Skipped 0 invalid entries
2024-12-19 19:53:31,353 - collectors.osm_collector - INFO - Region Western Australia-6-9: Collected 0 valid beaches, Skipped 0 invalid entries
2024-12-19 19:53:39,134 - collectors.osm_collector - INFO - Region Western Australia-7-0: Collected 0 valid beaches, Skipped 0 invalid entries
2024-12-19 19:53:46,594 - collectors.osm_collector - INFO - Region Western Australia-7-1: Collected 0 valid beaches, Skipped 0 invalid entries
2024-12-19 19:53:54,002 - collectors.osm_collector - INFO - Region Western Australia-7-2: Collected 0 valid beaches, Skipped 0 invalid entries
2024-12-19 19:54:01,449 - collectors.osm_collector - INFO - Region Western Australia-7-3: Collected 0 valid beaches, Skipped 0 invalid entries
2024-12-19 19:54:08,888 - collectors.osm_collector - INFO - Region Western Australia-7-4: Collected 0 valid beaches, Skipped 0 invalid entries
2024-12-19 19:54:16,503 - collectors.osm_collector - INFO - Region Western Australia-7-5: Collected 0 valid beaches, Skipped 9 invalid entries
2024-12-19 19:54:28,733 - collectors.osm_collector - INFO - Region Western Australia-7-6: Collected 3 valid beaches, Skipped 7 invalid entries
2024-12-19 19:54:36,147 - collectors.osm_collector - INFO - Region Western Australia-7-7: Collected 0 valid beaches, Skipped 0 invalid entries
2024-12-19 19:54:43,542 - collectors.osm_collector - INFO - Region Western Australia-7-8: Collected 0 valid beaches, Skipped 0 invalid entries
2024-12-19 19:54:50,946 - collectors.osm_collector - INFO - Region Western Australia-7-9: Collected 0 valid beaches, Skipped 0 invalid entries
2024-12-19 19:54:58,432 - collectors.osm_collector - INFO - Region Western Australia-8-0: Collected 0 valid beaches, Skipped 0 invalid entries
2024-12-19 19:55:05,855 - collectors.osm_collector - INFO - Region Western Australia-8-1: Collected 0 valid beaches, Skipped 0 invalid entries
2024-12-19 19:55:13,298 - collectors.osm_collector - INFO - Region Western Australia-8-2: Collected 0 valid beaches, Skipped 0 invalid entries
2024-12-19 19:55:21,366 - collectors.osm_collector - INFO - Region Western Australia-8-3: Collected 0 valid beaches, Skipped 0 invalid entries
2024-12-19 19:55:32,214 - collectors.osm_collector - INFO - Region Western Australia-8-4: Collected 0 valid beaches, Skipped 0 invalid entries
2024-12-19 19:55:39,659 - collectors.osm_collector - INFO - Region Western Australia-8-5: Collected 0 valid beaches, Skipped 0 invalid entries
2024-12-19 19:55:47,575 - collectors.osm_collector - INFO - Region Western Australia-8-6: Collected 0 valid beaches, Skipped 23 invalid entries
2024-12-19 19:55:55,091 - collectors.osm_collector - INFO - Region Western Australia-8-7: Collected 0 valid beaches, Skipped 0 invalid entries
2024-12-19 19:56:02,527 - collectors.osm_collector - INFO - Region Western Australia-8-8: Collected 0 valid beaches, Skipped 0 invalid entries
2024-12-19 19:56:09,958 - collectors.osm_collector - INFO - Region Western Australia-8-9: Collected 0 valid beaches, Skipped 2 invalid entries
2024-12-19 19:56:17,418 - collectors.osm_collector - INFO - Region Western Australia-9-0: Collected 0 valid beaches, Skipped 0 invalid entries
2024-12-19 19:56:24,862 - collectors.osm_collector - INFO - Region Western Australia-9-1: Collected 0 valid beaches, Skipped 0 invalid entries
2024-12-19 19:56:32,653 - collectors.osm_collector - INFO - Region Western Australia-9-2: Collected 0 valid beaches, Skipped 0 invalid entries
2024-12-19 19:56:40,089 - collectors.osm_collector - INFO - Region Western Australia-9-3: Collected 0 valid beaches, Skipped 0 invalid entries
2024-12-19 19:56:47,553 - collectors.osm_collector - INFO - Region Western Australia-9-4: Collected 0 valid beaches, Skipped 0 invalid entries
2024-12-19 19:56:55,019 - collectors.osm_collector - INFO - Region Western Australia-9-5: Collected 0 valid beaches, Skipped 0 invalid entries
2024-12-19 19:57:03,968 - collectors.osm_collector - INFO - Region Western Australia-9-6: Collected 0 valid beaches, Skipped 0 invalid entries
2024-12-19 19:57:21,512 - collectors.osm_collector - INFO - Region Western Australia-9-7: Collected 7 valid beaches, Skipped 155 invalid entries
2024-12-19 20:02:12,564 - collectors.osm_collector - INFO - Region Western Australia-9-8: Collected 223 valid beaches, Skipped 77 invalid entries
2024-12-19 20:02:20,372 - collectors.osm_collector - INFO - Region Western Australia-9-9: Collected 0 valid beaches, Skipped 6 invalid entries
2024-12-19 20:02:25,375 - __main__ - INFO - Collected 480 beaches in 1508.60 seconds
2024-12-19 20:02:31,045 - database.firebase_manager - INFO - Uploaded final batch of 480 beaches to beachesdata
2024-12-19 20:02:31,549 - __main__ - INFO - Uploaded final batch of 480 beaches
2024-12-19 20:02:31,549 - __main__ - INFO - Region Western Australia complete: Processed 480 beaches in 1514.78 seconds
2024-12-19 20:02:33,555 - __main__ - INFO - Processing region 2/3
2024-12-19 20:02:33,556 - __main__ - INFO - Starting processing for region: Eastern Australia
2024-12-19 20:02:33,556 - collectors.osm_collector - INFO - Starting collection for region: Eastern Australia
2024-12-19 20:02:33,556 - collectors.osm_collector - INFO - Region Eastern Australia too large (406.00 sq deg), splitting...
2024-12-19 20:02:41,685 - collectors.osm_collector - INFO - Region Eastern Australia-0-0: Collected 3 valid beaches, Skipped 29 invalid entries
2024-12-19 20:03:12,870 - collectors.osm_collector - INFO - Region Eastern Australia-0-1: Collected 15 valid beaches, Skipped 20 invalid entries
2024-12-19 20:04:15,304 - collectors.osm_collector - INFO - Region Eastern Australia-0-2: Collected 30 valid beaches, Skipped 89 invalid entries
2024-12-19 20:08:22,794 - collectors.osm_collector - INFO - Region Eastern Australia-0-3: Collected 120 valid beaches, Skipped 159 invalid entries
2024-12-19 20:09:01,687 - collectors.osm_collector - INFO - Region Eastern Australia-0-4: Collected 19 valid beaches, Skipped 32 invalid entries
2024-12-19 20:09:25,085 - collectors.osm_collector - INFO - Region Eastern Australia-0-5: Collected 10 valid beaches, Skipped 14 invalid entries
2024-12-19 20:09:55,287 - collectors.osm_collector - INFO - Region Eastern Australia-0-6: Collected 15 valid beaches, Skipped 51 invalid entries
2024-12-19 20:11:28,125 - collectors.osm_collector - INFO - Region Eastern Australia-0-7: Collected 62 valid beaches, Skipped 64 invalid entries
2024-12-19 20:11:35,613 - collectors.osm_collector - INFO - Region Eastern Australia-0-8: Collected 0 valid beaches, Skipped 0 invalid entries
2024-12-19 20:11:43,013 - collectors.osm_collector - INFO - Region Eastern Australia-0-9: Collected 0 valid beaches, Skipped 0 invalid entries
2024-12-19 20:11:50,594 - collectors.osm_collector - INFO - Region Eastern Australia-1-0: Collected 0 valid beaches, Skipped 2 invalid entries
2024-12-19 20:12:00,064 - collectors.osm_collector - INFO - Region Eastern Australia-1-1: Collected 1 valid beaches, Skipped 21 invalid entries
2024-12-19 20:12:07,595 - collectors.osm_collector - INFO - Region Eastern Australia-1-2: Collected 0 valid beaches, Skipped 0 invalid entries
2024-12-19 20:12:15,564 - collectors.osm_collector - INFO - Region Eastern Australia-1-3: Collected 0 valid beaches, Skipped 140 invalid entries
2024-12-19 20:12:27,683 - collectors.osm_collector - INFO - Region Eastern Australia-1-4: Collected 2 valid beaches, Skipped 229 invalid entries
2024-12-19 20:12:36,800 - collectors.osm_collector - INFO - Region Eastern Australia-1-5: Collected 1 valid beaches, Skipped 11 invalid entries
2024-12-19 20:13:01,801 - collectors.osm_collector - INFO - Region Eastern Australia-1-6: Collected 9 valid beaches, Skipped 48 invalid entries
2024-12-19 20:18:47,514 - collectors.osm_collector - INFO - Region Eastern Australia-1-7: Collected 201 valid beaches, Skipped 218 invalid entries
2024-12-19 20:20:35,564 - collectors.osm_collector - INFO - Region Eastern Australia-1-8: Collected 49 valid beaches, Skipped 99 invalid entries
2024-12-19 20:20:43,448 - collectors.osm_collector - INFO - Region Eastern Australia-1-9: Collected 0 valid beaches, Skipped 0 invalid entries
2024-12-19 20:20:53,816 - collectors.osm_collector - INFO - Region Eastern Australia-2-0: Collected 0 valid beaches, Skipped 0 invalid entries
2024-12-19 20:21:01,273 - collectors.osm_collector - INFO - Region Eastern Australia-2-1: Collected 0 valid beaches, Skipped 0 invalid entries
2024-12-19 20:21:08,678 - collectors.osm_collector - INFO - Region Eastern Australia-2-2: Collected 0 valid beaches, Skipped 0 invalid entries
2024-12-19 20:21:16,122 - collectors.osm_collector - INFO - Region Eastern Australia-2-3: Collected 0 valid beaches, Skipped 0 invalid entries
2024-12-19 20:21:23,541 - collectors.osm_collector - INFO - Region Eastern Australia-2-4: Collected 0 valid beaches, Skipped 0 invalid entries
2024-12-19 20:21:30,946 - collectors.osm_collector - INFO - Region Eastern Australia-2-5: Collected 0 valid beaches, Skipped 0 invalid entries
2024-12-19 20:21:38,440 - collectors.osm_collector - INFO - Region Eastern Australia-2-6: Collected 0 valid beaches, Skipped 2 invalid entries
2024-12-19 20:21:51,169 - collectors.osm_collector - INFO - Region Eastern Australia-2-7: Collected 3 valid beaches, Skipped 8 invalid entries
2024-12-19 20:24:39,597 - collectors.osm_collector - INFO - Region Eastern Australia-2-8: Collected 91 valid beaches, Skipped 378 invalid entries
2024-12-19 20:25:27,338 - collectors.osm_collector - INFO - Region Eastern Australia-2-9: Collected 22 valid beaches, Skipped 21 invalid entries
2024-12-19 20:25:37,089 - collectors.osm_collector - INFO - Region Eastern Australia-3-0: Collected 0 valid beaches, Skipped 0 invalid entries
2024-12-19 20:25:44,498 - collectors.osm_collector - INFO - Region Eastern Australia-3-1: Collected 0 valid beaches, Skipped 0 invalid entries
2024-12-19 20:25:52,309 - collectors.osm_collector - INFO - Region Eastern Australia-3-2: Collected 0 valid beaches, Skipped 0 invalid entries
2024-12-19 20:25:59,733 - collectors.osm_collector - INFO - Region Eastern Australia-3-3: Collected 0 valid beaches, Skipped 0 invalid entries
2024-12-19 20:26:07,174 - collectors.osm_collector - INFO - Region Eastern Australia-3-4: Collected 0 valid beaches, Skipped 0 invalid entries
2024-12-19 20:26:14,652 - collectors.osm_collector - INFO - Region Eastern Australia-3-5: Collected 0 valid beaches, Skipped 0 invalid entries
2024-12-19 20:26:22,086 - collectors.osm_collector - INFO - Region Eastern Australia-3-6: Collected 0 valid beaches, Skipped 0 invalid entries
2024-12-19 20:26:29,556 - collectors.osm_collector - INFO - Region Eastern Australia-3-7: Collected 0 valid beaches, Skipped 0 invalid entries
2024-12-19 20:26:37,022 - collectors.osm_collector - INFO - Region Eastern Australia-3-8: Collected 0 valid beaches, Skipped 1 invalid entries
2024-12-19 20:28:58,533 - collectors.osm_collector - INFO - Region Eastern Australia-3-9: Collected 79 valid beaches, Skipped 177 invalid entries
2024-12-19 20:29:06,003 - collectors.osm_collector - INFO - Region Eastern Australia-4-0: Collected 0 valid beaches, Skipped 0 invalid entries
2024-12-19 20:29:13,431 - collectors.osm_collector - INFO - Region Eastern Australia-4-1: Collected 0 valid beaches, Skipped 0 invalid entries
2024-12-19 20:29:20,909 - collectors.osm_collector - INFO - Region Eastern Australia-4-2: Collected 0 valid beaches, Skipped 0 invalid entries
2024-12-19 20:29:28,472 - collectors.osm_collector - INFO - Region Eastern Australia-4-3: Collected 0 valid beaches, Skipped 0 invalid entries
2024-12-19 20:29:37,830 - collectors.osm_collector - INFO - Region Eastern Australia-4-4: Collected 1 valid beaches, Skipped 0 invalid entries
2024-12-19 20:29:45,436 - collectors.osm_collector - INFO - Region Eastern Australia-4-5: Collected 0 valid beaches, Skipped 0 invalid entries
2024-12-19 20:29:52,998 - collectors.osm_collector - INFO - Region Eastern Australia-4-6: Collected 0 valid beaches, Skipped 0 invalid entries
2024-12-19 20:30:00,696 - collectors.osm_collector - INFO - Region Eastern Australia-4-7: Collected 0 valid beaches, Skipped 0 invalid entries
2024-12-19 20:30:08,271 - collectors.osm_collector - INFO - Region Eastern Australia-4-8: Collected 0 valid beaches, Skipped 0 invalid entries
2024-12-19 20:32:51,255 - collectors.osm_collector - INFO - Region Eastern Australia-4-9: Collected 77 valid beaches, Skipped 255 invalid entries
2024-12-19 20:32:58,708 - collectors.osm_collector - INFO - Region Eastern Australia-5-0: Collected 0 valid beaches, Skipped 0 invalid entries
2024-12-19 20:33:06,172 - collectors.osm_collector - INFO - Region Eastern Australia-5-1: Collected 0 valid beaches, Skipped 0 invalid entries
2024-12-19 20:33:13,672 - collectors.osm_collector - INFO - Region Eastern Australia-5-2: Collected 0 valid beaches, Skipped 0 invalid entries
2024-12-19 20:33:21,100 - collectors.osm_collector - INFO - Region Eastern Australia-5-3: Collected 0 valid beaches, Skipped 0 invalid entries
2024-12-19 20:33:28,566 - collectors.osm_collector - INFO - Region Eastern Australia-5-4: Collected 0 valid beaches, Skipped 0 invalid entries
2024-12-19 20:33:35,977 - collectors.osm_collector - INFO - Region Eastern Australia-5-5: Collected 0 valid beaches, Skipped 0 invalid entries
2024-12-19 20:33:43,930 - collectors.osm_collector - INFO - Region Eastern Australia-5-6: Collected 0 valid beaches, Skipped 0 invalid entries
2024-12-19 20:34:33,800 - collectors.osm_collector - INFO - Region Eastern Australia-5-7: Collected 24 valid beaches, Skipped 10 invalid entries
2024-12-19 20:35:06,380 - collectors.osm_collector - INFO - Region Eastern Australia-5-8: Collected 13 valid beaches, Skipped 128 invalid entries
2024-12-19 20:35:27,162 - collectors.osm_collector - INFO - Region Eastern Australia-5-9: Collected 6 valid beaches, Skipped 24 invalid entries
2024-12-19 20:35:34,707 - collectors.osm_collector - INFO - Region Eastern Australia-6-0: Collected 0 valid beaches, Skipped 0 invalid entries
2024-12-19 20:35:43,209 - collectors.osm_collector - INFO - Region Eastern Australia-6-1: Collected 0 valid beaches, Skipped 0 invalid entries
2024-12-19 20:35:50,635 - collectors.osm_collector - INFO - Region Eastern Australia-6-2: Collected 0 valid beaches, Skipped 0 invalid entries
2024-12-19 20:35:58,070 - collectors.osm_collector - INFO - Region Eastern Australia-6-3: Collected 0 valid beaches, Skipped 1 invalid entries
2024-12-19 20:36:05,578 - collectors.osm_collector - INFO - Region Eastern Australia-6-4: Collected 0 valid beaches, Skipped 0 invalid entries
2024-12-19 20:36:13,002 - collectors.osm_collector - INFO - Region Eastern Australia-6-5: Collected 0 valid beaches, Skipped 0 invalid entries
2024-12-19 20:37:23,655 - collectors.osm_collector - INFO - Region Eastern Australia-6-6: Collected 35 valid beaches, Skipped 49 invalid entries
2024-12-19 20:38:45,700 - collectors.osm_collector - INFO - Region Eastern Australia-6-7: Collected 51 valid beaches, Skipped 26 invalid entries
2024-12-19 20:38:53,208 - collectors.osm_collector - INFO - Region Eastern Australia-6-8: Collected 0 valid beaches, Skipped 0 invalid entries
2024-12-19 20:39:00,705 - collectors.osm_collector - INFO - Region Eastern Australia-6-9: Collected 0 valid beaches, Skipped 0 invalid entries
2024-12-19 20:39:08,139 - collectors.osm_collector - INFO - Region Eastern Australia-7-0: Collected 0 valid beaches, Skipped 0 invalid entries
2024-12-19 20:39:15,663 - collectors.osm_collector - INFO - Region Eastern Australia-7-1: Collected 0 valid beaches, Skipped 0 invalid entries
2024-12-19 20:39:23,060 - collectors.osm_collector - INFO - Region Eastern Australia-7-2: Collected 0 valid beaches, Skipped 0 invalid entries
2024-12-19 20:39:30,535 - collectors.osm_collector - INFO - Region Eastern Australia-7-3: Collected 0 valid beaches, Skipped 0 invalid entries
2024-12-19 20:40:38,009 - collectors.osm_collector - INFO - Region Eastern Australia-7-4: Collected 30 valid beaches, Skipped 130 invalid entries
2024-12-19 20:41:07,185 - collectors.osm_collector - INFO - Region Eastern Australia-7-5: Collected 14 valid beaches, Skipped 30 invalid entries
2024-12-19 20:42:01,157 - collectors.osm_collector - INFO - Region Eastern Australia-7-6: Collected 28 valid beaches, Skipped 62 invalid entries
2024-12-19 20:42:08,580 - collectors.osm_collector - INFO - Region Eastern Australia-7-7: Collected 0 valid beaches, Skipped 0 invalid entries
2024-12-19 20:42:16,047 - collectors.osm_collector - INFO - Region Eastern Australia-7-8: Collected 0 valid beaches, Skipped 0 invalid entries
2024-12-19 20:42:23,577 - collectors.osm_collector - INFO - Region Eastern Australia-7-9: Collected 0 valid beaches, Skipped 0 invalid entries
2024-12-19 20:42:30,972 - collectors.osm_collector - INFO - Region Eastern Australia-8-0: Collected 0 valid beaches, Skipped 0 invalid entries
2024-12-19 20:42:38,401 - collectors.osm_collector - INFO - Region Eastern Australia-8-1: Collected 0 valid beaches, Skipped 0 invalid entries
2024-12-19 20:42:45,768 - collectors.osm_collector - INFO - Region Eastern Australia-8-2: Collected 0 valid beaches, Skipped 0 invalid entries
2024-12-19 20:43:11,623 - collectors.osm_collector - INFO - Region Eastern Australia-8-3: Collected 11 valid beaches, Skipped 13 invalid entries
2024-12-19 20:43:34,722 - collectors.osm_collector - INFO - Region Eastern Australia-8-4: Collected 7 valid beaches, Skipped 54 invalid entries
2024-12-19 20:43:48,502 - collectors.osm_collector - INFO - Region Eastern Australia-8-5: Collected 0 valid beaches, Skipped 0 invalid entries
2024-12-19 20:43:55,943 - collectors.osm_collector - INFO - Region Eastern Australia-8-6: Collected 0 valid beaches, Skipped 0 invalid entries
2024-12-19 20:44:05,115 - collectors.osm_collector - INFO - Region Eastern Australia-8-7: Collected 0 valid beaches, Skipped 2 invalid entries
2024-12-19 20:44:12,534 - collectors.osm_collector - INFO - Region Eastern Australia-8-8: Collected 0 valid beaches, Skipped 0 invalid entries
2024-12-19 20:44:20,172 - collectors.osm_collector - INFO - Region Eastern Australia-8-9: Collected 0 valid beaches, Skipped 0 invalid entries
2024-12-19 20:44:27,638 - collectors.osm_collector - INFO - Region Eastern Australia-9-0: Collected 0 valid beaches, Skipped 0 invalid entries
2024-12-19 20:44:40,475 - collectors.osm_collector - INFO - Region Eastern Australia-9-1: Collected 4 valid beaches, Skipped 0 invalid entries
2024-12-19 20:44:50,337 - collectors.osm_collector - INFO - Region Eastern Australia-9-2: Collected 2 valid beaches, Skipped 0 invalid entries
2024-12-19 20:45:07,314 - collectors.osm_collector - INFO - Region Eastern Australia-9-3: Collected 6 valid beaches, Skipped 11 invalid entries
2024-12-19 20:45:14,746 - collectors.osm_collector - INFO - Region Eastern Australia-9-4: Collected 0 valid beaches, Skipped 0 invalid entries
2024-12-19 20:45:22,228 - collectors.osm_collector - INFO - Region Eastern Australia-9-5: Collected 0 valid beaches, Skipped 0 invalid entries
2024-12-19 20:45:30,044 - collectors.osm_collector - INFO - Region Eastern Australia-9-6: Collected 0 valid beaches, Skipped 0 invalid entries
2024-12-19 20:45:37,599 - collectors.osm_collector - INFO - Region Eastern Australia-9-7: Collected 0 valid beaches, Skipped 0 invalid entries
2024-12-19 20:45:44,997 - collectors.osm_collector - INFO - Region Eastern Australia-9-8: Collected 0 valid beaches, Skipped 0 invalid entries
2024-12-19 20:45:52,533 - collectors.osm_collector - INFO - Region Eastern Australia-9-9: Collected 0 valid beaches, Skipped 0 invalid entries
2024-12-19 20:45:59,950 - collectors.osm_collector - INFO - Region Eastern Australia-10-0: Collected 0 valid beaches, Skipped 0 invalid entries
2024-12-19 20:46:12,643 - collectors.osm_collector - INFO - Region Eastern Australia-10-1: Collected 3 valid beaches, Skipped 83 invalid entries
2024-12-19 20:46:34,453 - collectors.osm_collector - INFO - Region Eastern Australia-10-2: Collected 9 valid beaches, Skipped 5 invalid entries
2024-12-19 20:46:45,863 - collectors.osm_collector - INFO - Region Eastern Australia-10-3: Collected 0 valid beaches, Skipped 0 invalid entries
2024-12-19 20:46:53,307 - collectors.osm_collector - INFO - Region Eastern Australia-10-4: Collected 0 valid beaches, Skipped 0 invalid entries
2024-12-19 20:47:00,961 - collectors.osm_collector - INFO - Region Eastern Australia-10-5: Collected 0 valid beaches, Skipped 0 invalid entries
2024-12-19 20:47:08,597 - collectors.osm_collector - INFO - Region Eastern Australia-10-6: Collected 0 valid beaches, Skipped 8 invalid entries
2024-12-19 20:47:21,375 - collectors.osm_collector - INFO - Region Eastern Australia-10-7: Collected 0 valid beaches, Skipped 9 invalid entries
2024-12-19 20:47:28,876 - collectors.osm_collector - INFO - Region Eastern Australia-10-8: Collected 0 valid beaches, Skipped 2 invalid entries
2024-12-19 20:47:37,085 - collectors.osm_collector - INFO - Region Eastern Australia-10-9: Collected 0 valid beaches, Skipped 1 invalid entries
2024-12-19 20:47:42,099 - __main__ - INFO - Collected 1053 beaches in 2708.54 seconds
2024-12-19 20:47:47,723 - database.firebase_manager - INFO - Uploaded batch of 500 beaches to beachesdata
2024-12-19 20:47:48,230 - __main__ - INFO - Uploaded batch of 500 beaches
2024-12-19 20:47:52,735 - database.firebase_manager - INFO - Uploaded batch of 500 beaches to beachesdata
2024-12-19 20:47:53,239 - __main__ - INFO - Uploaded batch of 500 beaches
2024-12-19 20:47:55,199 - database.firebase_manager - INFO - Uploaded final batch of 53 beaches to beachesdata
2024-12-19 20:47:55,696 - __main__ - INFO - Uploaded final batch of 53 beaches
2024-12-19 20:47:55,696 - __main__ - INFO - Region Eastern Australia complete: Processed 1053 beaches in 2722.14 seconds
2024-12-19 20:47:57,703 - __main__ - INFO - Processing region 3/3
2024-12-19 20:47:57,704 - __main__ - INFO - Starting processing for region: Mediterranean Coast
2024-12-19 20:47:57,704 - collectors.osm_collector - INFO - Starting collection for region: Mediterranean Coast
2024-12-19 20:47:57,704 - collectors.osm_collector - INFO - Region Mediterranean Coast too large (630.00 sq deg), splitting...
2024-12-19 20:49:26,618 - collectors.osm_collector - INFO - Region Mediterranean Coast-0-0: Collected 50 valid beaches, Skipped 59 invalid entries
2024-12-19 20:50:08,411 - collectors.osm_collector - INFO - Region Mediterranean Coast-0-1: Collected 20 valid beaches, Skipped 37 invalid entries
2024-12-19 20:51:49,433 - collectors.osm_collector - INFO - Region Mediterranean Coast-0-2: Collected 49 valid beaches, Skipped 46 invalid entries
2024-12-19 20:52:33,923 - collectors.osm_collector - INFO - Region Mediterranean Coast-0-3: Collected 23 valid beaches, Skipped 41 invalid entries
2024-12-19 20:53:47,337 - collectors.osm_collector - INFO - Region Mediterranean Coast-0-4: Collected 37 valid beaches, Skipped 95 invalid entries
2024-12-19 20:55:35,143 - collectors.osm_collector - INFO - Region Mediterranean Coast-0-5: Collected 54 valid beaches, Skipped 44 invalid entries
2024-12-19 20:56:35,754 - collectors.osm_collector - INFO - Region Mediterranean Coast-0-6: Collected 31 valid beaches, Skipped 23 invalid entries
2024-12-19 20:58:22,207 - collectors.osm_collector - INFO - Region Mediterranean Coast-0-7: Collected 60 valid beaches, Skipped 50 invalid entries
2024-12-19 21:00:03,740 - collectors.osm_collector - INFO - Region Mediterranean Coast-0-8: Collected 60 valid beaches, Skipped 25 invalid entries
2024-12-19 21:01:06,005 - collectors.osm_collector - INFO - Region Mediterranean Coast-0-9: Collected 35 valid beaches, Skipped 37 invalid entries
2024-12-19 21:02:01,682 - collectors.osm_collector - INFO - Region Mediterranean Coast-0-10: Collected 34 valid beaches, Skipped 25 invalid entries
2024-12-19 21:03:13,922 - collectors.osm_collector - INFO - Region Mediterranean Coast-0-11: Collected 38 valid beaches, Skipped 49 invalid entries
2024-12-19 21:04:06,038 - collectors.osm_collector - INFO - Region Mediterranean Coast-0-12: Collected 26 valid beaches, Skipped 30 invalid entries
2024-12-19 21:05:15,770 - collectors.osm_collector - INFO - Region Mediterranean Coast-0-13: Collected 36 valid beaches, Skipped 19 invalid entries
2024-12-19 21:07:11,752 - collectors.osm_collector - INFO - Region Mediterranean Coast-0-14: Collected 70 valid beaches, Skipped 20 invalid entries
2024-12-19 21:08:56,707 - collectors.osm_collector - INFO - Region Mediterranean Coast-0-15: Collected 71 valid beaches, Skipped 47 invalid entries
2024-12-19 21:11:25,334 - collectors.osm_collector - INFO - Region Mediterranean Coast-0-16: Collected 93 valid beaches, Skipped 25 invalid entries
2024-12-19 21:13:57,378 - collectors.osm_collector - INFO - Region Mediterranean Coast-0-17: Collected 102 valid beaches, Skipped 55 invalid entries
2024-12-19 21:15:35,699 - collectors.osm_collector - INFO - Region Mediterranean Coast-0-18: Collected 56 valid beaches, Skipped 99 invalid entries
2024-12-19 21:18:19,221 - collectors.osm_collector - INFO - Region Mediterranean Coast-0-19: Collected 100 valid beaches, Skipped 205 invalid entries
2024-12-19 21:19:54,693 - collectors.osm_collector - INFO - Region Mediterranean Coast-0-20: Collected 57 valid beaches, Skipped 85 invalid entries
2024-12-19 21:21:35,127 - collectors.osm_collector - INFO - Region Mediterranean Coast-0-21: Collected 63 valid beaches, Skipped 127 invalid entries
2024-12-19 21:23:24,311 - collectors.osm_collector - INFO - Region Mediterranean Coast-0-22: Collected 71 valid beaches, Skipped 201 invalid entries
2024-12-19 21:24:38,227 - collectors.osm_collector - INFO - Region Mediterranean Coast-0-23: Collected 45 valid beaches, Skipped 140 invalid entries
2024-12-19 21:25:37,528 - collectors.osm_collector - INFO - Region Mediterranean Coast-0-24: Collected 37 valid beaches, Skipped 230 invalid entries
2024-12-19 21:25:48,731 - collectors.osm_collector - INFO - Region Mediterranean Coast-0-25: Collected 2 valid beaches, Skipped 384 invalid entries
2024-12-19 21:26:01,288 - collectors.osm_collector - INFO - Region Mediterranean Coast-0-26: Collected 3 valid beaches, Skipped 348 invalid entries
2024-12-19 21:27:25,661 - collectors.osm_collector - INFO - Region Mediterranean Coast-0-27: Collected 46 valid beaches, Skipped 191 invalid entries
2024-12-19 21:28:49,461 - collectors.osm_collector - INFO - Region Mediterranean Coast-0-28: Collected 43 valid beaches, Skipped 253 invalid entries
2024-12-19 21:29:05,841 - collectors.osm_collector - INFO - Region Mediterranean Coast-0-29: Collected 5 valid beaches, Skipped 207 invalid entries
2024-12-19 21:29:31,405 - collectors.osm_collector - INFO - Region Mediterranean Coast-0-30: Collected 11 valid beaches, Skipped 145 invalid entries
